0 info it worked if it ends with ok
1 verbose cli [ '/Users/tomoyuki/.nodebrew/node/v6.11.5/bin/node',
1 verbose cli   '/Users/tomoyuki/.nodebrew/current/bin/npm',
1 verbose cli   'run',
1 verbose cli   'build' ]
2 info using npm@3.10.10
3 info using node@v6.11.5
4 verbose run-script [ 'prebuild', 'build', 'postbuild' ]
5 info lifecycle blog.tomoyukikashiro.me@1.0.0~prebuild: blog.tomoyukikashiro.me@1.0.0
6 silly lifecycle blog.tomoyukikashiro.me@1.0.0~prebuild: no script for prebuild, continuing
7 info lifecycle blog.tomoyukikashiro.me@1.0.0~build: blog.tomoyukikashiro.me@1.0.0
8 verbose lifecycle blog.tomoyukikashiro.me@1.0.0~build: unsafe-perm in lifecycle true
9 verbose lifecycle blog.tomoyukikashiro.me@1.0.0~build: PATH: /Users/tomoyuki/.nodebrew/node/v6.11.5/lib/node_modules/npm/bin/node-gyp-bin:/Users/tomoyuki/workspace/blog.tomoyukikashiro.me/amp/node_modules/.bin:/Users/tomoyuki/.nodebrew/node/v6.11.5/bin:/Users/tomoyuki/Downloads/google-cloud-sdk/bin:/usr/local/heroku/bin:/Users/tomoyuki/.yarn/bin:/usr/local/sbin:/Users/tomoyuki/.nodebrew/current/bin:/usr/local/bin:/usr/local/bin:/usr/local/sbin:/usr/bin:/bin:/usr/sbin:/sbin:/Users/tomoyuki/.cache/dein/repos/github.com/junegunn/fzf/bin
10 verbose lifecycle blog.tomoyukikashiro.me@1.0.0~build: CWD: /Users/tomoyuki/workspace/blog.tomoyukikashiro.me/amp
11 silly lifecycle blog.tomoyukikashiro.me@1.0.0~build: Args: [ '-c', 'gatsby build' ]
12 silly lifecycle blog.tomoyukikashiro.me@1.0.0~build: Returned: code: 1  signal: null
13 info lifecycle blog.tomoyukikashiro.me@1.0.0~build: Failed to exec build script
14 verbose stack Error: blog.tomoyukikashiro.me@1.0.0 build: `gatsby build`
14 verbose stack Exit status 1
14 verbose stack     at EventEmitter.<anonymous> (/Users/tomoyuki/.nodebrew/node/v6.11.5/lib/node_modules/npm/lib/utils/lifecycle.js:255:16)
14 verbose stack     at emitTwo (events.js:106:13)
14 verbose stack     at EventEmitter.emit (events.js:191:7)
14 verbose stack     at ChildProcess.<anonymous> (/Users/tomoyuki/.nodebrew/node/v6.11.5/lib/node_modules/npm/lib/utils/spawn.js:40:14)
14 verbose stack     at emitTwo (events.js:106:13)
14 verbose stack     at ChildProcess.emit (events.js:191:7)
14 verbose stack     at maybeClose (internal/child_process.js:920:16)
14 verbose stack     at Process.ChildProcess._handle.onexit (internal/child_process.js:230:5)
15 verbose pkgid blog.tomoyukikashiro.me@1.0.0
16 verbose cwd /Users/tomoyuki/workspace/blog.tomoyukikashiro.me/amp
17 error Darwin 17.7.0
18 error argv "/Users/tomoyuki/.nodebrew/node/v6.11.5/bin/node" "/Users/tomoyuki/.nodebrew/current/bin/npm" "run" "build"
19 error node v6.11.5
20 error npm  v3.10.10
21 error code ELIFECYCLE
22 error blog.tomoyukikashiro.me@1.0.0 build: `gatsby build`
22 error Exit status 1
23 error Failed at the blog.tomoyukikashiro.me@1.0.0 build script 'gatsby build'.
23 error Make sure you have the latest version of node.js and npm installed.
23 error If you do, this is most likely a problem with the blog.tomoyukikashiro.me package,
23 error not with npm itself.
23 error Tell the author that this fails on your system:
23 error     gatsby build
23 error You can get information on how to open an issue for this project with:
23 error     npm bugs blog.tomoyukikashiro.me
23 error Or if that isn't available, you can get their info via:
23 error     npm owner ls blog.tomoyukikashiro.me
23 error There is likely additional logging output above.
24 verbose exit [ 1, true ]
